{
  "stats": {
    "suites": 1,
    "tests": 8,
    "passes": 8,
    "pending": 0,
    "failures": 0,
    "start": "2022-04-11T19:04:22.679Z",
    "end": "2022-04-11T19:04:37.254Z",
    "duration": 14575,
    "testsRegistered": 8,
    "passPercent": 100,
    "pendingPercent": 0,
    "other": 0,
    "hasOther": false,
    "skipped": 0,
    "hasSkipped": false
  },
  "results": [
    {
      "uuid": "b26e5b70-a2d1-48c9-877b-947a6eaf6569",
      "title": "",
      "fullFile": "",
      "file": "",
      "beforeHooks": [],
      "afterHooks": [],
      "tests": [],
      "suites": [
        {
          "uuid": "0d6b8a27-6ed5-424b-bd02-844a79d0b7b0",
          "title": "Create a Link Trigger",
          "fullFile": "",
          "file": "",
          "beforeHooks": [],
          "afterHooks": [],
          "tests": [
            {
              "title": "Select Link Trigger ",
              "fullTitle": "Create a Link Trigger Select Link Trigger ",
              "timedOut": null,
              "duration": 9413,
              "state": "passed",
              "speed": "medium",
              "pass": true,
              "fail": false,
              "pending": false,
              "context": "\"videos/specs/sample.spec.js.mp4\"",
              "code": "_createEngagementPage.createEngagementPage.selectTrigger(\"Link\");",
              "err": {},
              "uuid": "27dc2cd4-f14b-4a2e-8453-b2d750c526ba",
              "parentUUID": "0d6b8a27-6ed5-424b-bd02-844a79d0b7b0",
              "isHook": false,
              "skipped": false
            },
            {
              "title": "Verify that user is on link trigger page",
              "fullTitle": "Create a Link Trigger Verify that user is on link trigger page",
              "timedOut": null,
              "duration": 78,
              "state": "passed",
              "speed": "fast",
              "pass": true,
              "fail": false,
              "pending": false,
              "context": "\"videos/specs/sample.spec.js.mp4\"",
              "code": "cy.url().should(\"include\", \"/link-trigger\");",
              "err": {},
              "uuid": "32357518-fad6-49e0-9f3f-b9be5da6d87b",
              "parentUUID": "0d6b8a27-6ed5-424b-bd02-844a79d0b7b0",
              "isHook": false,
              "skipped": false
            },
            {
              "title": "Choose a Target Page",
              "fullTitle": "Create a Link Trigger Choose a Target Page",
              "timedOut": null,
              "duration": 211,
              "state": "passed",
              "speed": "fast",
              "pass": true,
              "fail": false,
              "pending": false,
              "context": "\"videos/specs/sample.spec.js.mp4\"",
              "code": "_linkTriggerPage.linkTriggerPage.chooseTargetPage();",
              "err": {},
              "uuid": "bc2bb188-ebe8-45a1-8150-6cf14fd5f372",
              "parentUUID": "0d6b8a27-6ed5-424b-bd02-844a79d0b7b0",
              "isHook": false,
              "skipped": false
            },
            {
              "title": "Create a new Target Page",
              "fullTitle": "Create a Link Trigger Create a new Target Page",
              "timedOut": null,
              "duration": 1959,
              "state": "passed",
              "speed": "fast",
              "pass": true,
              "fail": false,
              "pending": false,
              "context": "\"videos/specs/sample.spec.js.mp4\"",
              "code": "cy.url().should(\"include\", \"/targets\");\n_targetsPage.targetsPage.getNewTargetPageText().contains(\"Create a new Target Page\");\n_targetsPage.targetsPage.clickOnUrl();\n_urlTargetPage.urlTargetPage.enterNotificationTitle(data.notificationTitle + _util.util.generateRandomString(4));\n_urlTargetPage.urlTargetPage.enterNotificationSubTitle(data.notificationSubTitle + _util.util.generateRandomString(4));\n_urlTargetPage.urlTargetPage.enterTargetURL(data.targetUrl + _util.util.generateRandomString(4) + \".com\");",
              "err": {},
              "uuid": "c0cb9510-ea47-4b85-8202-f79d179a0d99",
              "parentUUID": "0d6b8a27-6ed5-424b-bd02-844a79d0b7b0",
              "isHook": false,
              "skipped": false
            },
            {
              "title": "Confirm and publish trigger",
              "fullTitle": "Create a Link Trigger Confirm and publish trigger",
              "timedOut": null,
              "duration": 375,
              "state": "passed",
              "speed": "fast",
              "pass": true,
              "fail": false,
              "pending": false,
              "context": "\"videos/specs/sample.spec.js.mp4\"",
              "code": "_urlTargetPage.urlTargetPage.conFirmAndPublishTargetUrl();",
              "err": {},
              "uuid": "39f7d4da-8714-414a-861a-1b7625ebdc9a",
              "parentUUID": "0d6b8a27-6ed5-424b-bd02-844a79d0b7b0",
              "isHook": false,
              "skipped": false
            },
            {
              "title": "Verify that user is on checkout page",
              "fullTitle": "Create a Link Trigger Verify that user is on checkout page",
              "timedOut": null,
              "duration": 198,
              "state": "passed",
              "speed": "fast",
              "pass": true,
              "fail": false,
              "pending": false,
              "context": "\"videos/specs/sample.spec.js.mp4\"",
              "code": "cy.url().should(\"include\", \"/checkout\");",
              "err": {},
              "uuid": "ed45f9f2-0ffb-45d1-a059-2e50410e8ee7",
              "parentUUID": "0d6b8a27-6ed5-424b-bd02-844a79d0b7b0",
              "isHook": false,
              "skipped": false
            },
            {
              "title": "Enter engagement name and create engagement",
              "fullTitle": "Create a Link Trigger Enter engagement name and create engagement",
              "timedOut": null,
              "duration": 779,
              "state": "passed",
              "speed": "fast",
              "pass": true,
              "fail": false,
              "pending": false,
              "context": "\"videos/specs/sample.spec.js.mp4\"",
              "code": "_checkoutPage.checkoutPage.enterEngagementName(data.engagementName + _util.util.generateRandomString(4));\n_checkoutPage.checkoutPage.clickOnCreateEngagementButton();",
              "err": {},
              "uuid": "eab6a18c-39ce-499f-a8f7-e09a75d98a3e",
              "parentUUID": "0d6b8a27-6ed5-424b-bd02-844a79d0b7b0",
              "isHook": false,
              "skipped": false
            },
            {
              "title": "Verify that  user is on my Dashboard and engagement is created",
              "fullTitle": "Create a Link Trigger Verify that  user is on my Dashboard and engagement is created",
              "timedOut": null,
              "duration": 1460,
              "state": "passed",
              "speed": "fast",
              "pass": true,
              "fail": false,
              "pending": false,
              "context": "\"videos/specs/sample.spec.js.mp4\"",
              "code": "cy.url().should(\"include\", \"/dashboard\");\n_dashboardPage.dashboardPage.getDashboardHeaderTitle().contains(\"My Dashboard\");",
              "err": {},
              "uuid": "b760a413-f3ec-4031-9922-9ff31ab6dade",
              "parentUUID": "0d6b8a27-6ed5-424b-bd02-844a79d0b7b0",
              "isHook": false,
              "skipped": false
            }
          ],
          "suites": [],
          "passes": [
            "27dc2cd4-f14b-4a2e-8453-b2d750c526ba",
            "32357518-fad6-49e0-9f3f-b9be5da6d87b",
            "bc2bb188-ebe8-45a1-8150-6cf14fd5f372",
            "c0cb9510-ea47-4b85-8202-f79d179a0d99",
            "39f7d4da-8714-414a-861a-1b7625ebdc9a",
            "ed45f9f2-0ffb-45d1-a059-2e50410e8ee7",
            "eab6a18c-39ce-499f-a8f7-e09a75d98a3e",
            "b760a413-f3ec-4031-9922-9ff31ab6dade"
          ],
          "failures": [],
          "pending": [],
          "skipped": [],
          "duration": 14473,
          "root": false,
          "rootEmpty": false,
          "_timeout": 2000
        }
      ],
      "passes": [],
      "failures": [],
      "pending": [],
      "skipped": [],
      "duration": 0,
      "root": true,
      "rootEmpty": true,
      "_timeout": 2000
    }
  ],
  "meta": {
    "mocha": {
      "version": "7.0.1"
    },
    "mochawesome": {
      "options": {
        "quiet": false,
        "reportFilename": "mochawesome",
        "saveHtml": true,
        "saveJson": true,
        "consoleReporter": "spec",
        "useInlineDiffs": false,
        "code": true
      },
      "version": "7.1.0"
    },
    "marge": {
      "options": {
        "reportDir": "cypress/results",
        "charts": true,
        "reportPageTitle": "My Test Suite",
        "embeddedScreenshots": true,
        "inlineAssets": true
      },
      "version": "6.2.0"
    }
  }
}