{
  "stats": {
    "suites": 1,
    "tests": 8,
    "passes": 8,
    "pending": 0,
    "failures": 0,
    "start": "2022-04-11T20:40:22.653Z",
    "end": "2022-04-11T20:40:37.506Z",
    "duration": 14853,
    "testsRegistered": 8,
    "passPercent": 100,
    "pendingPercent": 0,
    "other": 0,
    "hasOther": false,
    "skipped": 0,
    "hasSkipped": false
  },
  "results": [
    {
      "uuid": "45875f1a-fd6a-4a9e-a4b4-1403b591a8e6",
      "title": "",
      "fullFile": "",
      "file": "",
      "beforeHooks": [],
      "afterHooks": [],
      "tests": [],
      "suites": [
        {
          "uuid": "72a7d0c1-9bda-4ba1-8b32-e5a4adb0a8ad",
          "title": "Create a Link Trigger",
          "fullFile": "",
          "file": "",
          "beforeHooks": [],
          "afterHooks": [],
          "tests": [
            {
              "title": "Select Link Trigger ",
              "fullTitle": "Create a Link Trigger Select Link Trigger ",
              "timedOut": null,
              "duration": 8936,
              "state": "passed",
              "speed": "medium",
              "pass": true,
              "fail": false,
              "pending": false,
              "context": "\"videos/specs/sample.spec.js.mp4\"",
              "code": "_createEngagementPage.createEngagementPage.selectTrigger(\"Link\");",
              "err": {},
              "uuid": "5ac1d1fe-8e05-4798-86e5-10f2af3616c4",
              "parentUUID": "72a7d0c1-9bda-4ba1-8b32-e5a4adb0a8ad",
              "isHook": false,
              "skipped": false
            },
            {
              "title": "Verify that user is on link trigger page",
              "fullTitle": "Create a Link Trigger Verify that user is on link trigger page",
              "timedOut": null,
              "duration": 122,
              "state": "passed",
              "speed": "fast",
              "pass": true,
              "fail": false,
              "pending": false,
              "context": "\"videos/specs/sample.spec.js.mp4\"",
              "code": "cy.url().should(\"include\", \"/link-trigger\");",
              "err": {},
              "uuid": "56b0f04d-bd5b-4853-83fc-67b3f3946a22",
              "parentUUID": "72a7d0c1-9bda-4ba1-8b32-e5a4adb0a8ad",
              "isHook": false,
              "skipped": false
            },
            {
              "title": "Choose a Target Page",
              "fullTitle": "Create a Link Trigger Choose a Target Page",
              "timedOut": null,
              "duration": 184,
              "state": "passed",
              "speed": "fast",
              "pass": true,
              "fail": false,
              "pending": false,
              "context": "\"videos/specs/sample.spec.js.mp4\"",
              "code": "_linkTriggerPage.linkTriggerPage.chooseTargetPage();",
              "err": {},
              "uuid": "d79942cb-e872-40c4-b66e-eef91beadcb4",
              "parentUUID": "72a7d0c1-9bda-4ba1-8b32-e5a4adb0a8ad",
              "isHook": false,
              "skipped": false
            },
            {
              "title": "Create a new Target Page",
              "fullTitle": "Create a Link Trigger Create a new Target Page",
              "timedOut": null,
              "duration": 1676,
              "state": "passed",
              "speed": "fast",
              "pass": true,
              "fail": false,
              "pending": false,
              "context": "\"videos/specs/sample.spec.js.mp4\"",
              "code": "cy.url().should(\"include\", \"/targets\");\n_targetsPage.targetsPage.getNewTargetPageText().contains(\"Create a new Target Page\");\n_targetsPage.targetsPage.clickOnUrl();\n_urlTargetPage.urlTargetPage.enterNotificationTitle(data.notificationTitle + _util.util.generateRandomString(4));\n_urlTargetPage.urlTargetPage.enterNotificationSubTitle(data.notificationSubTitle + _util.util.generateRandomString(4));\n_urlTargetPage.urlTargetPage.enterTargetURL(data.targetUrl + _util.util.generateRandomString(4) + \".com\");",
              "err": {},
              "uuid": "36ecbb74-d4ec-481d-b2b7-4da6e45afcbc",
              "parentUUID": "72a7d0c1-9bda-4ba1-8b32-e5a4adb0a8ad",
              "isHook": false,
              "skipped": false
            },
            {
              "title": "Confirm and publish trigger",
              "fullTitle": "Create a Link Trigger Confirm and publish trigger",
              "timedOut": null,
              "duration": 208,
              "state": "passed",
              "speed": "fast",
              "pass": true,
              "fail": false,
              "pending": false,
              "context": "\"videos/specs/sample.spec.js.mp4\"",
              "code": "_urlTargetPage.urlTargetPage.conFirmAndPublishTargetUrl();",
              "err": {},
              "uuid": "4878ce22-588b-407d-a6c0-7fdcd42a5380",
              "parentUUID": "72a7d0c1-9bda-4ba1-8b32-e5a4adb0a8ad",
              "isHook": false,
              "skipped": false
            },
            {
              "title": "Verify that user is on checkout page",
              "fullTitle": "Create a Link Trigger Verify that user is on checkout page",
              "timedOut": null,
              "duration": 182,
              "state": "passed",
              "speed": "fast",
              "pass": true,
              "fail": false,
              "pending": false,
              "context": "\"videos/specs/sample.spec.js.mp4\"",
              "code": "cy.url().should(\"include\", \"/checkout\");",
              "err": {},
              "uuid": "25625827-8d92-46e0-b439-ab1026d40734",
              "parentUUID": "72a7d0c1-9bda-4ba1-8b32-e5a4adb0a8ad",
              "isHook": false,
              "skipped": false
            },
            {
              "title": "Enter engagement name and create engagement",
              "fullTitle": "Create a Link Trigger Enter engagement name and create engagement",
              "timedOut": null,
              "duration": 958,
              "state": "passed",
              "speed": "fast",
              "pass": true,
              "fail": false,
              "pending": false,
              "context": "\"videos/specs/sample.spec.js.mp4\"",
              "code": "_checkoutPage.checkoutPage.enterEngagementName(data.engagementName + _util.util.generateRandomString(4));\n_checkoutPage.checkoutPage.clickOnCreateEngagementButton();",
              "err": {},
              "uuid": "13c4fb6b-11f9-454b-b329-d8009018d833",
              "parentUUID": "72a7d0c1-9bda-4ba1-8b32-e5a4adb0a8ad",
              "isHook": false,
              "skipped": false
            },
            {
              "title": "Verify that  user is on my Dashboard and engagement is created",
              "fullTitle": "Create a Link Trigger Verify that  user is on my Dashboard and engagement is created",
              "timedOut": null,
              "duration": 1735,
              "state": "passed",
              "speed": "fast",
              "pass": true,
              "fail": false,
              "pending": false,
              "context": "\"videos/specs/sample.spec.js.mp4\"",
              "code": "cy.url().should(\"include\", \"/dashboard\");\n_dashboardPage.dashboardPage.getDashboardHeaderTitle().contains(\"My Dashboard\");",
              "err": {},
              "uuid": "100a1b39-5b98-4abd-b4e6-ac42b59a06e9",
              "parentUUID": "72a7d0c1-9bda-4ba1-8b32-e5a4adb0a8ad",
              "isHook": false,
              "skipped": false
            }
          ],
          "suites": [],
          "passes": [
            "5ac1d1fe-8e05-4798-86e5-10f2af3616c4",
            "56b0f04d-bd5b-4853-83fc-67b3f3946a22",
            "d79942cb-e872-40c4-b66e-eef91beadcb4",
            "36ecbb74-d4ec-481d-b2b7-4da6e45afcbc",
            "4878ce22-588b-407d-a6c0-7fdcd42a5380",
            "25625827-8d92-46e0-b439-ab1026d40734",
            "13c4fb6b-11f9-454b-b329-d8009018d833",
            "100a1b39-5b98-4abd-b4e6-ac42b59a06e9"
          ],
          "failures": [],
          "pending": [],
          "skipped": [],
          "duration": 14001,
          "root": false,
          "rootEmpty": false,
          "_timeout": 2000
        }
      ],
      "passes": [],
      "failures": [],
      "pending": [],
      "skipped": [],
      "duration": 0,
      "root": true,
      "rootEmpty": true,
      "_timeout": 2000
    }
  ],
  "meta": {
    "mocha": {
      "version": "7.0.1"
    },
    "mochawesome": {
      "options": {
        "quiet": false,
        "reportFilename": "mochawesome",
        "saveHtml": true,
        "saveJson": true,
        "consoleReporter": "spec",
        "useInlineDiffs": false,
        "code": true
      },
      "version": "7.1.0"
    },
    "marge": {
      "options": {
        "id": "default"
      },
      "version": "6.2.0"
    }
  }
}